build/app/intermediates/proguard-rules/release/aapt_rules.txt
# Referenced at processReleaseManifest/merged/AndroidManifest.xml:32
-keep class com.retroportalstudio.www.background_service.MainActivity { <init>(...); }
# Referenced at processReleaseManifest/merged/AndroidManifest.xml:22
-keep class com.retroportalstudio.www.background_service.MyApplication { <init>(...); }
# Referenced at processReleaseManifest/merged/AndroidManifest.xml:27
-keep class com.retroportalstudio.www.background_service.MyService { <init>(...); }