build/app/outputs/mapping/r8/release/mapping.txt
# compiler: R8
# compiler_version: 1.2.49
# min_api: 16
...
io.flutter.util.Predicate -> c.a.d.c:
io.flutter.view.-$$Lambda$AccessibilityBridge$JBDpWWlF54eN0gel8Jn1hY7yOmE -> io.flutter.view.a:
    io.flutter.view.AccessibilityBridge$SemanticsNode f$0 -> a
io.flutter.view.-$$Lambda$AccessibilityBridge$_xgAbWhyKyeHrMGUVUYzbSFEeBY -> io.flutter.view.b:
    io.flutter.view.-$$Lambda$AccessibilityBridge$_xgAbWhyKyeHrMGUVUYzbSFEeBY INSTANCE -> a
io.flutter.view.AccessibilityBridge -> io.flutter.view.g:
    android.content.ContentResolver contentResolver -> g
    android.database.ContentObserver animationScaleObserver -> x
    android.view.View rootAccessibilityView -> b
    android.view.accessibility.AccessibilityManager accessibilityManager -> d
    android.view.accessibility.AccessibilityManager$AccessibilityStateChangeListener accessibilityStateChangeListener -> v
    android.view.accessibility.AccessibilityManager$TouchExplorationStateChangeListener touchExplorationStateChangeListener -> w
    int accessibilityFeatureFlags -> m
    int previousRouteId -> r
    io.flutter.embedding.engine.systemchannels.AccessibilityChannel accessibilityChannel -> c
    io.flutter.embedding.engine.systemchannels.AccessibilityChannel$AccessibilityMessageHandler accessibilityMessageHandler -> u
    io.flutter.plugin.platform.PlatformViewsAccessibilityDelegate platformViewsAccessibilityDelegate -> f
    io.flutter.view.AccessibilityBridge$OnAccessibilityChangeListener onAccessibilityChangeListener -> t
    io.flutter.view.AccessibilityBridge$SemanticsNode accessibilityFocusedSemanticsNode -> j
    io.flutter.view.AccessibilityBridge$SemanticsNode hoveredObject -> p
    io.flutter.view.AccessibilityBridge$SemanticsNode inputFocusedSemanticsNode -> n
    io.flutter.view.AccessibilityBridge$SemanticsNode lastInputFocusedSemanticsNode -> o
    io.flutter.view.AccessibilityViewEmbedder accessibilityViewEmbedder -> e
io.flutter.view.AccessibilityBridge$1 -> io.flutter.view.c:
    io.flutter.view.AccessibilityBridge this$0 -> a
    void announce(java.lang.String) -> a
    void onLongPress(int) -> b
    void onTap(int) -> a
    void onTooltip(java.lang.String) -> b
    void updateCustomAccessibilityActions(java.nio.ByteBuffer,java.lang.String[]) -> a
    void updateSemantics(java.nio.ByteBuffer,java.lang.String[]) -> b
io.flutter.view.AccessibilityBridge$2 -> io.flutter.view.d:
    io.flutter.view.AccessibilityBridge this$0 -> a
io.flutter.view.AccessibilityBridge$3 -> io.flutter.view.e:
    io.flutter.view.AccessibilityBridge this$0 -> a
io.flutter.view.AccessibilityBridge$4 -> io.flutter.view.f:
    android.view.accessibility.AccessibilityManager val$accessibilityManager -> a
    io.flutter.view.AccessibilityBridge this$0 -> b
io.flutter.view.AccessibilityBridge$AccessibilityFeature -> io.flutter.view.g$a:
    int value -> e
    io.flutter.view.AccessibilityBridge$AccessibilityFeature ACCESSIBLE_NAVIGATION -> a
    io.flutter.view.AccessibilityBridge$AccessibilityFeature DISABLE_ANIMATIONS -> c
    io.flutter.view.AccessibilityBridge$AccessibilityFeature INVERT_COLORS -> b
    io.flutter.view.AccessibilityBridge$AccessibilityFeature[] $VALUES -> d